Using pre-set license
Built from '2020.3/staging' branch; Version is '2020.3.19f1 (68f137dc9bbe) revision 6877495'; Using compiler version '192528614'; Build Type 'Release'
OS: 'Windows 10 Education; OS build 18363.1916; Version 1909; 64bit' Language: 'sv' Physical Memory: 16221 MB
BatchMode: 1, IsHumanControllingUs: 0, StartBugReporterOnCrash: 0, Is64bit: 1, IsPro: 0

COMMAND LINE ARGUMENTS:
C:\Program Files\Unity\Hub\Editor\2020.3.19f1\Editor\Unity.exe
-adb2
-batchMode
-noUpm
-name
AssetImportWorker0
-projectPath
C:/Users/Oscar.ferm/Downloads/Drakens-World-main/The-Gambling-Gamers
-logFile
Logs/AssetImportWorker0.log
-srvPort
64865
Successfully changed project path to: C:/Users/Oscar.ferm/Downloads/Drakens-World-main/The-Gambling-Gamers
C:/Users/Oscar.ferm/Downloads/Drakens-World-main/The-Gambling-Gamers
Using Asset Import Pipeline V2.
Refreshing native plugins compatible for Editor in 55.59 ms, found 2 plugins.
Preloading 0 native plugins for Editor in 0.00 ms.
Initialize engine version: 2020.3.19f1 (68f137dc9bbe)
[Subsystems] Discovering subsystems at path C:/Program Files/Unity/Hub/Editor/2020.3.19f1/Editor/Data/Resources/UnitySubsystems
[Subsystems] Discovering subsystems at path C:/Users/Oscar.ferm/Downloads/Drakens-World-main/The-Gambling-Gamers/Assets
GfxDevice: creating device client; threaded=0
Direct3D:
    Version:  Direct3D 11.0 [level 11.1]
    Renderer: NVIDIA GeForce MX250 (ID=0x1d13)
    Vendor:   
    VRAM:     1983 MB
    Driver:   27.21.14.6294
Initialize mono
Mono path[0] = 'C:/Program Files/Unity/Hub/Editor/2020.3.19f1/Editor/Data/Managed'
Mono path[1] = 'C:/Program Files/Unity/Hub/Editor/2020.3.19f1/Editor/Data/MonoBleedingEdge/lib/mono/unityjit'
Mono config path = 'C:/Program Files/Unity/Hub/Editor/2020.3.19f1/Editor/Data/MonoBleedingEdge/etc'
Using monoOptions --debugger-agent=transport=dt_socket,embedding=1,server=y,suspend=n,address=127.0.0.1:56344
Begin MonoManager ReloadAssembly
Registering precompiled unity dll's ...
Register platform support module: C:/Program Files/Unity/Hub/Editor/2020.3.19f1/Editor/Data/PlaybackEngines/WindowsStandaloneSupport/UnityEditor.WindowsStandalone.Extensions.dll
Registered in 0.001843 seconds.
Native extension for WindowsStandalone target not found
Refreshing native plugins compatible for Editor in 56.48 ms, found 2 plugins.
Preloading 0 native plugins for Editor in 0.00 ms.
Mono: successfully reloaded assembly
- Completed reload, in  1.188 seconds
Domain Reload Profiling:
	ReloadAssembly (1188ms)
		BeginReloadAssembly (65ms)
			ExecutionOrderSort (0ms)
			DisableScriptedObjects (0ms)
			BackupInstance (0ms)
			ReleaseScriptingObjects (0ms)
			CreateAndSetChildDomain (1ms)
		EndReloadAssembly (516ms)
			LoadAssemblies (62ms)
			RebuildTransferFunctionScriptingTraits (0ms)
			SetupTypeCache (162ms)
			ReleaseScriptCaches (0ms)
			RebuildScriptCaches (33ms)
			SetupLoadedEditorAssemblies (239ms)
				LogAssemblyErrors (0ms)
				InitializePlatformSupportModulesInManaged (4ms)
				SetLoadedEditorAssemblies (0ms)
				RefreshPlugins (57ms)
				BeforeProcessingInitializeOnLoad (18ms)
				ProcessInitializeOnLoadAttributes (112ms)
				ProcessInitializeOnLoadMethodAttributes (48ms)
				AfterProcessingInitializeOnLoad (0ms)
				EditorAssembliesLoaded (0ms)
			ExecutionOrderSort2 (0ms)
			AwakeInstancesAfterBackupRestoration (0ms)
Platform modules already initialized, skipping
Registering precompiled user dll's ...
Registered in 0.003846 seconds.
Begin MonoManager ReloadAssembly
Native extension for WindowsStandalone target not found
Refreshing native plugins compatible for Editor in 1.35 ms, found 2 plugins.
Preloading 0 native plugins for Editor in 0.00 ms.
Mono: successfully reloaded assembly
- Completed reload, in  1.203 seconds
Domain Reload Profiling:
	ReloadAssembly (1204ms)
		BeginReloadAssembly (162ms)
			ExecutionOrderSort (0ms)
			DisableScriptedObjects (8ms)
			BackupInstance (0ms)
			ReleaseScriptingObjects (0ms)
			CreateAndSetChildDomain (21ms)
		EndReloadAssembly (976ms)
			LoadAssemblies (101ms)
			RebuildTransferFunctionScriptingTraits (0ms)
			SetupTypeCache (305ms)
			ReleaseScriptCaches (1ms)
			RebuildScriptCaches (50ms)
			SetupLoadedEditorAssemblies (409ms)
				LogAssemblyErrors (0ms)
				InitializePlatformSupportModulesInManaged (5ms)
				SetLoadedEditorAssemblies (0ms)
				RefreshPlugins (1ms)
				BeforeProcessingInitializeOnLoad (97ms)
				ProcessInitializeOnLoadAttributes (261ms)
				ProcessInitializeOnLoadMethodAttributes (39ms)
				AfterProcessingInitializeOnLoad (5ms)
				EditorAssembliesLoaded (0ms)
			ExecutionOrderSort2 (0ms)
			AwakeInstancesAfterBackupRestoration (7ms)
Platform modules already initialized, skipping
========================================================================
Worker process is ready to serve import requests
Launched and connected shader compiler UnityShaderCompiler.exe after 0.07 seconds
Refreshing native plugins compatible for Editor in 0.59 ms, found 2 plugins.
Preloading 0 native plugins for Editor in 0.00 ms.
Unloading 1995 Unused Serialized files (Serialized files now loaded: 0)
System memory in use before: 83.8 MB.
System memory in use after: 83.8 MB.

Unloading 56 unused Assets to reduce memory usage. Loaded Objects now: 2402.
Total: 5.880500 ms (FindLiveObjects: 0.198400 ms CreateObjectMapping: 0.086300 ms MarkObjects: 5.502400 ms  DeleteObjects: 0.092300 ms)

AssetImportParameters requested are different than current active one (requested -> active):
  custom:framework-win-MediaFoundation: 216162199b28c13a410421893ffa2e32 -> 
  custom:video-decoder-ogg-theora: a1e56fd34408186e4bbccfd4996cb3dc -> 
  custom:container-muxer-webm: aa71ff27fc2769a1b78a27578f13a17b -> 
  custom:container-demuxer-webm: 4f35f7cbe854078d1ac9338744f61a02 -> 
  custom:container-demuxer-ogg: 62fdf1f143b41e24485cea50d1cbac27 -> 
  custom:video-encoder-webm-vp8: eb34c28f22e8b96e1ab97ce403110664 -> 
  custom:video-decoder-webm-vp8: 9c59270c3fd7afecdb556c50c9e8de78 -> 
  custom:audio-decoder-ogg-vorbis: bf7c407c2cedff20999df2af8eb42d56 -> 
  custom:audio-encoder-webm-vorbis: bf7c407c2cedff20999df2af8eb42d56 -> 
========================================================================
Received Import Request.
  path: Assets/Oscar/3d objects/arena2.mb
  artifactKey: Guid(cb9f531e4899faa48aac2e81fe2fe3cd) Importer(815301076,1909f56bfc062723c751e8b465ee728b)
Start importing Assets/Oscar/3d objects/arena2.mb using Guid(cb9f531e4899faa48aac2e81fe2fe3cd) Importer(815301076,1909f56bfc062723c751e8b465ee728b)  -> (artifact id: '9e1960261d3b228198882457355669b5') in 0.411260 seconds 
  Import took 0.414881 seconds .

========================================================================
Received Import Request.
  Time since last request: 1055.641527 seconds.
  path: Assets/Oscar/3d objects/New Piskel (24).png
  artifactKey: Guid(b7dec299f0443a3418d83e43497054a5) Importer(815301076,1909f56bfc062723c751e8b465ee728b)
Start importing Assets/Oscar/3d objects/New Piskel (24).png using Guid(b7dec299f0443a3418d83e43497054a5) Importer(815301076,1909f56bfc062723c751e8b465ee728b)  -> (artifact id: '17093e681d65fdc235b83d679282a06e') in 0.044373 seconds 
  Import took 0.048660 seconds .

========================================================================
Received Import Request.
  Time since last request: 3.754724 seconds.
  path: Assets/Oscar/3d objects/New Piskel (23).png
  artifactKey: Guid(3a77f23bd6f7d6f4fb2c0a976283b7a9) Importer(815301076,1909f56bfc062723c751e8b465ee728b)
Start importing Assets/Oscar/3d objects/New Piskel (23).png using Guid(3a77f23bd6f7d6f4fb2c0a976283b7a9) Importer(815301076,1909f56bfc062723c751e8b465ee728b)  -> (artifact id: '258fc411f6ab1fc594a8f7f56057c905') in 0.018402 seconds 
  Import took 0.023604 seconds .

========================================================================
Received Import Request.
  Time since last request: 35.462613 seconds.
  path: Assets/Oscar/3d objects/New Piskel (23).png
  artifactKey: Guid(3a77f23bd6f7d6f4fb2c0a976283b7a9) Importer(815301076,1909f56bfc062723c751e8b465ee728b)
Start importing Assets/Oscar/3d objects/New Piskel (23).png using Guid(3a77f23bd6f7d6f4fb2c0a976283b7a9) Importer(815301076,1909f56bfc062723c751e8b465ee728b)  -> (artifact id: '81fb0113c4db7b0138abbaa4e2544f16') in 0.021312 seconds 
  Import took 0.026564 seconds .

========================================================================
Received Import Request.
  Time since last request: 53.380052 seconds.
  path: Assets/Oscar/3d objects/New Piskel (23).png
  artifactKey: Guid(3a77f23bd6f7d6f4fb2c0a976283b7a9) Importer(815301076,1909f56bfc062723c751e8b465ee728b)
Start importing Assets/Oscar/3d objects/New Piskel (23).png using Guid(3a77f23bd6f7d6f4fb2c0a976283b7a9) Importer(815301076,1909f56bfc062723c751e8b465ee728b)  -> (artifact id: '23475b4ae38fc4adbcdd79236b4fe806') in 0.058459 seconds 
  Import took 0.062032 seconds .

========================================================================
Received Import Request.
  Time since last request: 15.299944 seconds.
  path: Assets/Oscar/3d objects/New Material.mat
  artifactKey: Guid(1517911f5110bbf4ebe2993bb7b12a4f) Importer(815301076,1909f56bfc062723c751e8b465ee728b)
Start importing Assets/Oscar/3d objects/New Material.mat using Guid(1517911f5110bbf4ebe2993bb7b12a4f) Importer(815301076,1909f56bfc062723c751e8b465ee728b)  -> (artifact id: 'eca601909247adef724434b7743536d0') in 0.041699 seconds 
  Import took 0.046977 seconds .

========================================================================
Received Import Request.
  Time since last request: 29.898028 seconds.
  path: Assets/TextMesh Pro/Sprites/EmojiOne.png
  artifactKey: Guid(dffef66376be4fa480fb02b19edbe903) Importer(815301076,1909f56bfc062723c751e8b465ee728b)
Start importing Assets/TextMesh Pro/Sprites/EmojiOne.png using Guid(dffef66376be4fa480fb02b19edbe903) Importer(815301076,1909f56bfc062723c751e8b465ee728b)  -> (artifact id: '15770c780ebad2127a7dba05b3837a4c') in 0.032880 seconds 
  Import took 0.036406 seconds .

========================================================================
Received Import Request.
  Time since last request: 0.000203 seconds.
  path: Assets/TextMesh Pro/Resources/Fonts & Materials/LiberationSans SDF - Fallback.asset
  artifactKey: Guid(2e498d1c8094910479dc3e1b768306a4) Importer(815301076,1909f56bfc062723c751e8b465ee728b)
Start importing Assets/TextMesh Pro/Resources/Fonts & Materials/LiberationSans SDF - Fallback.asset using Guid(2e498d1c8094910479dc3e1b768306a4) Importer(815301076,1909f56bfc062723c751e8b465ee728b)  -> (artifact id: '73c4f4f2da4d2ab57d901e0f40ae3f2f') in 0.065700 seconds 
  Import took 0.070000 seconds .

========================================================================
Received Import Request.
  Time since last request: 0.000326 seconds.
  path: Assets/TextMesh Pro/Fonts/LiberationSans.ttf
  artifactKey: Guid(e3265ab4bf004d28a9537516768c1c75) Importer(815301076,1909f56bfc062723c751e8b465ee728b)
Start importing Assets/TextMesh Pro/Fonts/LiberationSans.ttf using Guid(e3265ab4bf004d28a9537516768c1c75) Importer(815301076,1909f56bfc062723c751e8b465ee728b)  -> (artifact id: 'cec1587b7129bde4b287cc77833a66ca') in 0.044551 seconds 
  Import took 0.049744 seconds .

========================================================================
Received Import Request.
  Time since last request: 0.000210 seconds.
  path: Assets/Markus/6809_chargen/6809 chargen.ttf
  artifactKey: Guid(18371db36dac8e044a7222d6fb52f880) Importer(815301076,1909f56bfc062723c751e8b465ee728b)
Start importing Assets/Markus/6809_chargen/6809 chargen.ttf using Guid(18371db36dac8e044a7222d6fb52f880) Importer(815301076,1909f56bfc062723c751e8b465ee728b)  -> (artifact id: '6f50553625c7331f0b00b8159fe85532') in 0.026520 seconds 
  Import took 0.030758 seconds .

========================================================================
Received Import Request.
  Time since last request: 0.000178 seconds.
  path: Assets/TextMesh Pro/Resources/Fonts & Materials/LiberationSans SDF.asset
  artifactKey: Guid(8f586378b4e144a9851e7b34d9b748ee) Importer(815301076,1909f56bfc062723c751e8b465ee728b)
Start importing Assets/TextMesh Pro/Resources/Fonts & Materials/LiberationSans SDF.asset using Guid(8f586378b4e144a9851e7b34d9b748ee) Importer(815301076,1909f56bfc062723c751e8b465ee728b)  -> (artifact id: 'f8b7c8c3e3c9a45adbdca63c88707d17') in 0.061159 seconds 
  Import took 0.065219 seconds .

========================================================================
Received Prepare
Registering precompiled user dll's ...
Registered in 0.005456 seconds.
Begin MonoManager ReloadAssembly
Native extension for WindowsStandalone target not found
Refreshing native plugins compatible for Editor in 3.81 ms, found 2 plugins.
Preloading 0 native plugins for Editor in 0.00 ms.
Mono: successfully reloaded assembly
- Completed reload, in  1.317 seconds
Domain Reload Profiling:
	ReloadAssembly (1317ms)
		BeginReloadAssembly (128ms)
			ExecutionOrderSort (0ms)
			DisableScriptedObjects (8ms)
			BackupInstance (0ms)
			ReleaseScriptingObjects (0ms)
			CreateAndSetChildDomain (45ms)
		EndReloadAssembly (1125ms)
			LoadAssemblies (93ms)
			RebuildTransferFunctionScriptingTraits (0ms)
			SetupTypeCache (284ms)
			ReleaseScriptCaches (1ms)
			RebuildScriptCaches (43ms)
			SetupLoadedEditorAssemblies (582ms)
				LogAssemblyErrors (0ms)
				InitializePlatformSupportModulesInManaged (11ms)
				SetLoadedEditorAssemblies (2ms)
				RefreshPlugins (4ms)
				BeforeProcessingInitializeOnLoad (126ms)
				ProcessInitializeOnLoadAttributes (391ms)
				ProcessInitializeOnLoadMethodAttributes (42ms)
				AfterProcessingInitializeOnLoad (5ms)
				EditorAssembliesLoaded (0ms)
			ExecutionOrderSort2 (0ms)
			AwakeInstancesAfterBackupRestoration (7ms)
Platform modules already initialized, skipping
Refreshing native plugins compatible for Editor in 0.64 ms, found 2 plugins.
Preloading 0 native plugins for Editor in 0.00 ms.
Unloading 1976 Unused Serialized files (Serialized files now loaded: 0)
System memory in use before: 85.8 MB.
System memory in use after: 85.9 MB.

Unloading 47 unused Assets to reduce memory usage. Loaded Objects now: 2455.
Total: 7.434200 ms (FindLiveObjects: 0.318000 ms CreateObjectMapping: 0.122000 ms MarkObjects: 6.945100 ms  DeleteObjects: 0.046500 ms)

AssetImportParameters requested are different than current active one (requested -> active):
  custom:framework-win-MediaFoundation: 216162199b28c13a410421893ffa2e32 -> 
  custom:video-decoder-ogg-theora: a1e56fd34408186e4bbccfd4996cb3dc -> 
  custom:container-muxer-webm: aa71ff27fc2769a1b78a27578f13a17b -> 
  custom:container-demuxer-webm: 4f35f7cbe854078d1ac9338744f61a02 -> 
  custom:container-demuxer-ogg: 62fdf1f143b41e24485cea50d1cbac27 -> 
  custom:video-encoder-webm-vp8: eb34c28f22e8b96e1ab97ce403110664 -> 
  custom:video-decoder-webm-vp8: 9c59270c3fd7afecdb556c50c9e8de78 -> 
  custom:audio-decoder-ogg-vorbis: bf7c407c2cedff20999df2af8eb42d56 -> 
  custom:audio-encoder-webm-vorbis: bf7c407c2cedff20999df2af8eb42d56 -> 
========================================================================
Received Import Request.
  Time since last request: 144.531975 seconds.
  path: Assets/Oscar/3d objects/New Piskel (23).png
  artifactKey: Guid(3a77f23bd6f7d6f4fb2c0a976283b7a9) Importer(815301076,1909f56bfc062723c751e8b465ee728b)
Start importing Assets/Oscar/3d objects/New Piskel (23).png using Guid(3a77f23bd6f7d6f4fb2c0a976283b7a9) Importer(815301076,1909f56bfc062723c751e8b465ee728b)  -> (artifact id: 'bf0ccc4e2f5961f96926d1a9655f3a98') in 0.037234 seconds 
  Import took 0.040448 seconds .

========================================================================
Received Import Request.
  Time since last request: 74.966364 seconds.
  path: Assets/Prefabs
  artifactKey: Guid(dad03518ab3cfaa40a3cd668aa0728a7) Importer(815301076,1909f56bfc062723c751e8b465ee728b)
Start importing Assets/Prefabs using Guid(dad03518ab3cfaa40a3cd668aa0728a7) Importer(815301076,1909f56bfc062723c751e8b465ee728b)  -> (artifact id: 'be93099ad1d5d98c51e68e151dc3dbe6') in 0.008819 seconds 
  Import took 0.012764 seconds .

========================================================================
Received Import Request.
  Time since last request: 66.445550 seconds.
  path: Assets/Oscar/3d objects/nedladdning.png
  artifactKey: Guid(d0003f92e746907449385687a706f74d) Importer(815301076,1909f56bfc062723c751e8b465ee728b)
Start importing Assets/Oscar/3d objects/nedladdning.png using Guid(d0003f92e746907449385687a706f74d) Importer(815301076,1909f56bfc062723c751e8b465ee728b)  -> (artifact id: '353a973609ad852e2402e2b7c93915ff') in 0.028546 seconds 
  Import took 0.033223 seconds .

========================================================================
Received Import Request.
  Time since last request: 18.794958 seconds.
  path: Assets/Oscar/3d objects/New Material 1.mat
  artifactKey: Guid(f43fc605c2eb3c24cb2434786404224d) Importer(815301076,1909f56bfc062723c751e8b465ee728b)
Start importing Assets/Oscar/3d objects/New Material 1.mat using Guid(f43fc605c2eb3c24cb2434786404224d) Importer(815301076,1909f56bfc062723c751e8b465ee728b)  -> (artifact id: 'e96f4811fef70f7a46d015daa21fdb98') in 0.050546 seconds 
  Import took 0.054073 seconds .

========================================================================
Received Import Request.
  Time since last request: 83.060141 seconds.
  path: Assets/Oscar/3d objects/New Material.mat
  artifactKey: Guid(1517911f5110bbf4ebe2993bb7b12a4f) Importer(815301076,1909f56bfc062723c751e8b465ee728b)
Start importing Assets/Oscar/3d objects/New Material.mat using Guid(1517911f5110bbf4ebe2993bb7b12a4f) Importer(815301076,1909f56bfc062723c751e8b465ee728b)  -> (artifact id: 'ed84d1c825be043ecb854036ee200f6d') in 0.017298 seconds 
  Import took 0.021073 seconds .

========================================================================
Received Import Request.
  Time since last request: 125.682898 seconds.
  path: Assets/Oscar/3d objects/nedladdning (1).png
  artifactKey: Guid(9313276fe3aed894d97357a0c23b1c2c) Importer(815301076,1909f56bfc062723c751e8b465ee728b)
Start importing Assets/Oscar/3d objects/nedladdning (1).png using Guid(9313276fe3aed894d97357a0c23b1c2c) Importer(815301076,1909f56bfc062723c751e8b465ee728b)  -> (artifact id: 'dd745ecf718ee4c1592a08a131728dbb') in 0.027982 seconds 
  Import took 0.031714 seconds .

========================================================================
Received Import Request.
  Time since last request: 0.000209 seconds.
  path: Assets/Oscar/3d objects/nedladdning (2).png
  artifactKey: Guid(e93d19c235d10ce4186cd916197fc4a8) Importer(815301076,1909f56bfc062723c751e8b465ee728b)
Start importing Assets/Oscar/3d objects/nedladdning (2).png using Guid(e93d19c235d10ce4186cd916197fc4a8) Importer(815301076,1909f56bfc062723c751e8b465ee728b)  -> (artifact id: '9303b3b090a72c287e340e5db88dd87d') in 0.018811 seconds 
  Import took 0.025161 seconds .

========================================================================
Received Import Request.
  Time since last request: 1448.535920 seconds.
  path: Assets/Oscar/3d objects/New Material 2.mat
  artifactKey: Guid(1b0b712df3d41474c99f726ef604a9d8) Importer(815301076,1909f56bfc062723c751e8b465ee728b)
Start importing Assets/Oscar/3d objects/New Material 2.mat using Guid(1b0b712df3d41474c99f726ef604a9d8) Importer(815301076,1909f56bfc062723c751e8b465ee728b)  -> (artifact id: '0ca0e92680c55325897d95bd81036151') in 0.086407 seconds 
  Import took 0.107111 seconds .

========================================================================
Received Import Request.
  Time since last request: 0.000339 seconds.
  path: Assets/Oscar/3d objects/New Material.mat
  artifactKey: Guid(1517911f5110bbf4ebe2993bb7b12a4f) Importer(815301076,1909f56bfc062723c751e8b465ee728b)
Start importing Assets/Oscar/3d objects/New Material.mat using Guid(1517911f5110bbf4ebe2993bb7b12a4f) Importer(815301076,1909f56bfc062723c751e8b465ee728b)  -> (artifact id: '379547dce3843e90037b679a34d55ee8') in 0.044699 seconds 
  Import took 0.053902 seconds .

AssetImportWorkerClient::OnTransportError - code=2 error=End of file
